imported/app/build/outputs/logs/manifest-merger-debug-report.txt
-- Merging decision tree log ---
manifest
ADDED from src/main/AndroidManifest.xml:2:1-76:12
	package
		ADDED from src/main/AndroidManifest.xml:3:5-47
		INJECTED from src/main/AndroidManifest.xml
		INJECTED from src/main/AndroidManifest.xml
	android:versionName
		ADDED from src/main/AndroidManifest.xml:5:5-30
		INJECTED from src/main/AndroidManifest.xml
		INJECTED from src/main/AndroidManifest.xml
	android:versionCode
		ADDED from src/main/AndroidManifest.xml:4:5-28
		INJECTED from src/main/AndroidManifest.xml
		INJECTED from src/main/AndroidManifest.xml
	xmlns:android
		ADDED from src/main/AndroidManifest.xml:2:11-69
uses-permission#android.permission.ACCESS_NETWORK_STATE
ADDED from src/main/AndroidManifest.xml:7:5-78
	android:name
		ADDED from src/main/AndroidManifest.xml:7:22-76
uses-permission#android.permission.INTERNET
ADDED from src/main/AndroidManifest.xml:8:2-63
	android:name
		ADDED from src/main/AndroidManifest.xml:8:19-61
uses-permission#android.permission.WRITE_EXTERNAL_STORAGE
ADDED from src/main/AndroidManifest.xml:9:5-80
	android:name
		ADDED from src/main/AndroidManifest.xml:9:22-78
uses-sdk
ADDED from src/main/AndroidManifest.xml:11:5-14:11
	android:targetSdkVersion
		ADDED from src/main/AndroidManifest.xml:13:9-38
		INJECTED from src/main/AndroidManifest.xml
		INJECTED from src/main/AndroidManifest.xml
	android:minSdkVersion
		ADDED from src/main/AndroidManifest.xml:12:9-35
		INJECTED from src/main/AndroidManifest.xml
		INJECTED from src/main/AndroidManifest.xml
application
ADDED from src/main/AndroidManifest.xml:16:5-74:19
	android:label
		ADDED from src/main/AndroidManifest.xml:19:9-41
	android:allowBackup
		ADDED from src/main/AndroidManifest.xml:17:9-35
	android:icon
		ADDED from src/main/AndroidManifest.xml:18:9-45
	android:theme
		ADDED from src/main/AndroidManifest.xml:20:9-40
activity#com.samaysoftwares.restaurantpos.Login
ADDED from src/main/AndroidManifest.xml:23:9-30:20
	android:label
		ADDED from src/main/AndroidManifest.xml:25:13-45
	android:name
		ADDED from src/main/AndroidManifest.xml:24:13-66
intent-filter#android.intent.action.MAIN+android.intent.category.DEFAULT
ADDED from src/main/AndroidManifest.xml:26:13-29:29
action#android.intent.action.MAIN
ADDED from src/main/AndroidManifest.xml:27:17-69
	android:name
		ADDED from src/main/AndroidManifest.xml:27:25-66
category#android.intent.category.DEFAULT
ADDED from src/main/AndroidManifest.xml:28:17-76
	android:name
		ADDED from src/main/AndroidManifest.xml:28:27-73
activity#com.samaysoftwares.restaurantpos.MenuRequest
ADDED from src/main/AndroidManifest.xml:31:9-39:20
	android:label
		ADDED from src/main/AndroidManifest.xml:33:13-45
	android:name
		ADDED from src/main/AndroidManifest.xml:32:13-72
activity#com.samaysoftwares.restaurantpos.StartupActivity
ADDED from src/main/AndroidManifest.xml:40:9-47:20
	android:label
		ADDED from src/main/AndroidManifest.xml:42:13-45
	android:name
		ADDED from src/main/AndroidManifest.xml:41:13-76
intent-filter#android.intent.action.MAIN+android.intent.category.LAUNCHER
ADDED from src/main/AndroidManifest.xml:43:13-46:29
category#android.intent.category.LAUNCHER
ADDED from src/main/AndroidManifest.xml:45:17-77
	android:name
		ADDED from src/main/AndroidManifest.xml:45:27-74
activity#com.samaysoftwares.restaurantpos.TableView
ADDED from src/main/AndroidManifest.xml:48:9-55:20
	android:label
		ADDED from src/main/AndroidManifest.xml:50:13-45
	android:name
		ADDED from src/main/AndroidManifest.xml:49:13-70
activity#com.samaysoftwares.restaurantpos.WaiterView
ADDED from src/main/AndroidManifest.xml:56:9-64:20
	android:screenOrientation
		ADDED from src/main/AndroidManifest.xml:59:13-52
	android:label
		ADDED from src/main/AndroidManifest.xml:58:13-45
	android:name
		ADDED from src/main/AndroidManifest.xml:57:13-71
activity#com.samaysoftwares.restaurantpos.WebAccess
ADDED from src/main/AndroidManifest.xml:65:9-73:20
	android:label
		ADDED from src/main/AndroidManifest.xml:67:13-45
	android:name
		ADDED from src/main/AndroidManifest.xml:66:13-70